<?xml version="1.0" encoding="UTF-8" ?>
<testsuite tests="9" failures="0" name="runner.RunTest" time="1.408" errors="2" skipped="1">
  <properties>
[...]
</properties>
  <testcase classname="Scenario: Verify the display of Gillette MACH3 Turbo under products list" name="Given I am on the Gillette website" time="0.002"/>
  <testcase classname="Scenario: Verify the display of Gillette MACH3 Turbo under products list" name="When I hover on from the top navigation" time="0"/>
  <testcase classname="Scenario: Verify the display of Gillette MACH3 Turbo under products list" name="And I choose &quot;MACH3&quot; under &quot;By Brands&quot; from the drop-down" time="0"/>
  <testcase classname="Scenario: Verify the display of Gillette MACH3 Turbo under products list" name="Then I should see &quot;Gillette MACH3 Turbo&quot; under the products list" time="0"/>
  <testcase classname="Scenario: Verify the display of Gillette MACH3 Turbo under products list" name="Scenario: Verify the display of Gillette MACH3 Turbo under products list" time="1.385"/>
  <testcase classname="Scenario: Verify the presence of &quot;Facial Hair Styles: The Anchor Beard&quot; under styling articles" name="Given I am on the Gillette website" time="0"/>
  <testcase classname="Scenario: Verify the presence of &quot;Facial Hair Styles: The Anchor Beard&quot; under styling articles" name="When I click on &quot;Styling&quot; under &quot;Learn&quot; in the footer" time="0.005">
    <error message="element click intercepted: Element &lt;a title=&quot;...&quot; data-action-detail=&quot;Styling&quot; class=&quot;event_menu_click&quot; href=&quot;/en-in/tips-for-shaving/styling&quot;&gt;Styling&lt;/a&gt; is not clickable at point (107, 868). Other element would receive the click: &lt;ul class=&quot;menu-ul&quot;&gt;...&lt;/ul&gt;
  (Session info: chrome=120.0.6099.109)
Build info: version: &apos;4.7.2&apos;, revision: &apos;4d4020c3b7&apos;
System info: os.name: &apos;Linux&apos;, os.arch: &apos;amd64&apos;, os.version: &apos;5.15.133+&apos;, java.version: &apos;11.0.21&apos;
Driver info: org.openqa.selenium.remote.RemoteWebDriver
Command: [6082c05bcf17b2d72a310c8cd79ef53e, clickElement {id=FEA86882BCF27BE45170E77F1DB27DF5_element_15}]
Capabilities {acceptInsecureCerts: false, browserName: chrome, browserVersion: 120.0.6099.109, chrome: {chromedriverVersion: 120.0.6099.109 (3419140ab66..., userDataDir: /tmp/.org.chromium.Chromium...}, fedcm:accounts: true, goog:chromeOptions: {debuggerAddress: localhost:45267}, networkConnectionEnabled: false, pageLoadStrategy: normal, platformName: LINUX, proxy: Proxy(), se:bidiEnabled: false, se:cdp: ws://10.104.6.13:4444/sessi..., se:cdpVersion: 120.0.6099.109, se:vnc: ws://10.104.6.13:4444/sessi..., se:vncEnabled: true, se:vncLocalAddress: ws://10.104.6.13:7900, setWindowRect: true, strictFileInteractability: false, timeouts: {implicit: 0, pageLoad: 300000, script: 30000}, unhandledPromptBehavior: dismiss and notify, webauthn:extension:credBlob: true, webauthn:extension:largeBlob: true, webauthn:extension:minPinLength: true, webauthn:extension:prf: true, webauthn:virtualAuthenticators: true}
Element: [[RemoteWebDriver: chrome on LINUX (6082c05bcf17b2d72a310c8cd79ef53e)] -&gt; xpath: //*[@id=&quot;footerContent&quot;]/div/div[1]/div[1]/ul/li[2]/a]
Session ID: 6082c05bcf17b2d72a310c8cd79ef53e" type="org.openqa.selenium.ElementClickInterceptedException">org.openqa.selenium.ElementClickInterceptedException: element click intercepted: Element &lt;a title=&quot;...&quot; data-action-detail=&quot;Styling&quot; class=&quot;event_menu_click&quot; href=&quot;/en-in/tips-for-shaving/styling&quot;&gt;Styling&lt;/a&gt; is not clickable at point (107, 868). Other element would receive the click: &lt;ul class=&quot;menu-ul&quot;&gt;...&lt;/ul&gt;
  (Session info: chrome=120.0.6099.109)
Build info: version: &apos;4.7.2&apos;, revision: &apos;4d4020c3b7&apos;
System info: os.name: &apos;Linux&apos;, os.arch: &apos;amd64&apos;, os.version: &apos;5.15.133+&apos;, java.version: &apos;11.0.21&apos;
Driver info: org.openqa.selenium.remote.RemoteWebDriver
Command: [6082c05bcf17b2d72a310c8cd79ef53e, clickElement {id=FEA86882BCF27BE45170E77F1DB27DF5_element_15}]
Capabilities {acceptInsecureCerts: false, browserName: chrome, browserVersion: 120.0.6099.109, chrome: {chromedriverVersion: 120.0.6099.109 (3419140ab66..., userDataDir: /tmp/.org.chromium.Chromium...}, fedcm:accounts: true, goog:chromeOptions: {debuggerAddress: localhost:45267}, networkConnectionEnabled: false, pageLoadStrategy: normal, platformName: LINUX, proxy: Proxy(), se:bidiEnabled: false, se:cdp: ws://10.104.6.13:4444/sessi..., se:cdpVersion: 120.0.6099.109, se:vnc: ws://10.104.6.13:4444/sessi..., se:vncEnabled: true, se:vncLocalAddress: ws://10.104.6.13:7900, setWindowRect: true, strictFileInteractability: false, timeouts: {implicit: 0, pageLoad: 300000, script: 30000}, unhandledPromptBehavior: dismiss and notify, webauthn:extension:credBlob: true, webauthn:extension:largeBlob: true, webauthn:extension:minPinLength: true, webauthn:extension:prf: true, webauthn:virtualAuthenticators: true}
Element: [[RemoteWebDriver: chrome on LINUX (6082c05bcf17b2d72a310c8cd79ef53e)] -&gt; xpath: //*[@id=&quot;footerContent&quot;]/div/div[1]/div[1]/ul/li[2]/a]
Session ID: 6082c05bcf17b2d72a310c8cd79ef53e
	at java.base/jdk.internal.reflect.NativeConstructorAccessorImpl.newInstance0(Native Method)
	at java.base/jdk.internal.reflect.NativeConstructorAccessorImpl.newInstance(NativeConstructorAccessorImpl.java:62)
	at java.base/jdk.internal.reflect.DelegatingConstructorAccessorImpl.newInstance(DelegatingConstructorAccessorImpl.java:45)
	at java.base/java.lang.reflect.Constructor.newInstance(Constructor.java:490)
	at org.openqa.selenium.remote.codec.w3c.W3CHttpResponseCodec.createException(W3CHttpResponseCodec.java:200)
	at org.openqa.selenium.remote.codec.w3c.W3CHttpResponseCodec.decode(W3CHttpResponseCodec.java:133)
	at org.openqa.selenium.remote.codec.w3c.W3CHttpResponseCodec.decode(W3CHttpResponseCodec.java:53)
	at org.openqa.selenium.remote.HttpCommandExecutor.execute(HttpCommandExecutor.java:184)
	at org.openqa.selenium.remote.TracedCommandExecutor.execute(TracedCommandExecutor.java:51)
	at org.openqa.selenium.remote.RemoteWebDriver.execute(RemoteWebDriver.java:535)
	at org.openqa.selenium.remote.RemoteWebElement.execute(RemoteWebElement.java:257)
	at org.openqa.selenium.remote.RemoteWebElement.click(RemoteWebElement.java:78)
	at java.base/jdk.internal.reflect.NativeMethodAccessorImpl.invoke0(Native Method)
	at java.base/jdk.internal.reflect.NativeMethodAccessorImpl.invoke(NativeMethodAccessorImpl.java:62)
	at java.base/jdk.internal.reflect.DelegatingMethodAccessorImpl.invoke(DelegatingMethodAccessorImpl.java:43)
	at java.base/java.lang.reflect.Method.invoke(Method.java:566)
	at org.openqa.selenium.support.decorators.WebDriverDecorator.call(WebDriverDecorator.java:247)
	at org.openqa.selenium.support.decorators.DefaultDecorated.call(DefaultDecorated.java:48)
	at org.openqa.selenium.support.decorators.WebDriverDecorator.lambda$createProxy$0(WebDriverDecorator.java:309)
	at net.bytebuddy.renamed.java.lang.Object$ByteBuddy$KFv3NtNH.click(Unknown Source)
	at glue.GilletteTests.iClickOnUnderInTheFooter(GilletteTests.java:106)
	at ✽.When I click on &quot;Styling&quot; under &quot;Learn&quot; in the footer(gillette.feature:16)
</error>
  </testcase>
  <testcase classname="Scenario: Verify the presence of &quot;Facial Hair Styles: The Anchor Beard&quot; under styling articles" name="Scenario: Verify the presence of &quot;Facial Hair Styles: The Anchor Beard&quot; under styling articles" time="0.008">
    <error message="element click intercepted: Element &lt;a title=&quot;...&quot; data-action-detail=&quot;Styling&quot; class=&quot;event_menu_click&quot; href=&quot;/en-in/tips-for-shaving/styling&quot;&gt;Styling&lt;/a&gt; is not clickable at point (107, 868). Other element would receive the click: &lt;ul class=&quot;menu-ul&quot;&gt;...&lt;/ul&gt;
  (Session info: chrome=120.0.6099.109)
Build info: version: &apos;4.7.2&apos;, revision: &apos;4d4020c3b7&apos;
System info: os.name: &apos;Linux&apos;, os.arch: &apos;amd64&apos;, os.version: &apos;5.15.133+&apos;, java.version: &apos;11.0.21&apos;
Driver info: org.openqa.selenium.remote.RemoteWebDriver
Command: [6082c05bcf17b2d72a310c8cd79ef53e, clickElement {id=FEA86882BCF27BE45170E77F1DB27DF5_element_15}]
Capabilities {acceptInsecureCerts: false, browserName: chrome, browserVersion: 120.0.6099.109, chrome: {chromedriverVersion: 120.0.6099.109 (3419140ab66..., userDataDir: /tmp/.org.chromium.Chromium...}, fedcm:accounts: true, goog:chromeOptions: {debuggerAddress: localhost:45267}, networkConnectionEnabled: false, pageLoadStrategy: normal, platformName: LINUX, proxy: Proxy(), se:bidiEnabled: false, se:cdp: ws://10.104.6.13:4444/sessi..., se:cdpVersion: 120.0.6099.109, se:vnc: ws://10.104.6.13:4444/sessi..., se:vncEnabled: true, se:vncLocalAddress: ws://10.104.6.13:7900, setWindowRect: true, strictFileInteractability: false, timeouts: {implicit: 0, pageLoad: 300000, script: 30000}, unhandledPromptBehavior: dismiss and notify, webauthn:extension:credBlob: true, webauthn:extension:largeBlob: true, webauthn:extension:minPinLength: true, webauthn:extension:prf: true, webauthn:virtualAuthenticators: true}
Element: [[RemoteWebDriver: chrome on LINUX (6082c05bcf17b2d72a310c8cd79ef53e)] -&gt; xpath: //*[@id=&quot;footerContent&quot;]/div/div[1]/div[1]/ul/li[2]/a]
Session ID: 6082c05bcf17b2d72a310c8cd79ef53e" type="org.openqa.selenium.ElementClickInterceptedException">org.openqa.selenium.ElementClickInterceptedException: element click intercepted: Element &lt;a title=&quot;...&quot; data-action-detail=&quot;Styling&quot; class=&quot;event_menu_click&quot; href=&quot;/en-in/tips-for-shaving/styling&quot;&gt;Styling&lt;/a&gt; is not clickable at point (107, 868). Other element would receive the click: &lt;ul class=&quot;menu-ul&quot;&gt;...&lt;/ul&gt;
  (Session info: chrome=120.0.6099.109)
Build info: version: &apos;4.7.2&apos;, revision: &apos;4d4020c3b7&apos;
System info: os.name: &apos;Linux&apos;, os.arch: &apos;amd64&apos;, os.version: &apos;5.15.133+&apos;, java.version: &apos;11.0.21&apos;
Driver info: org.openqa.selenium.remote.RemoteWebDriver
Command: [6082c05bcf17b2d72a310c8cd79ef53e, clickElement {id=FEA86882BCF27BE45170E77F1DB27DF5_element_15}]
Capabilities {acceptInsecureCerts: false, browserName: chrome, browserVersion: 120.0.6099.109, chrome: {chromedriverVersion: 120.0.6099.109 (3419140ab66..., userDataDir: /tmp/.org.chromium.Chromium...}, fedcm:accounts: true, goog:chromeOptions: {debuggerAddress: localhost:45267}, networkConnectionEnabled: false, pageLoadStrategy: normal, platformName: LINUX, proxy: Proxy(), se:bidiEnabled: false, se:cdp: ws://10.104.6.13:4444/sessi..., se:cdpVersion: 120.0.6099.109, se:vnc: ws://10.104.6.13:4444/sessi..., se:vncEnabled: true, se:vncLocalAddress: ws://10.104.6.13:7900, setWindowRect: true, strictFileInteractability: false, timeouts: {implicit: 0, pageLoad: 300000, script: 30000}, unhandledPromptBehavior: dismiss and notify, webauthn:extension:credBlob: true, webauthn:extension:largeBlob: true, webauthn:extension:minPinLength: true, webauthn:extension:prf: true, webauthn:virtualAuthenticators: true}
Element: [[RemoteWebDriver: chrome on LINUX (6082c05bcf17b2d72a310c8cd79ef53e)] -&gt; xpath: //*[@id=&quot;footerContent&quot;]/div/div[1]/div[1]/ul/li[2]/a]
Session ID: 6082c05bcf17b2d72a310c8cd79ef53e
	at java.base/jdk.internal.reflect.NativeConstructorAccessorImpl.newInstance0(Native Method)
	at java.base/jdk.internal.reflect.NativeConstructorAccessorImpl.newInstance(NativeConstructorAccessorImpl.java:62)
	at java.base/jdk.internal.reflect.DelegatingConstructorAccessorImpl.newInstance(DelegatingConstructorAccessorImpl.java:45)
	at java.base/java.lang.reflect.Constructor.newInstance(Constructor.java:490)
	at org.openqa.selenium.remote.codec.w3c.W3CHttpResponseCodec.createException(W3CHttpResponseCodec.java:200)
	at org.openqa.selenium.remote.codec.w3c.W3CHttpResponseCodec.decode(W3CHttpResponseCodec.java:133)
	at org.openqa.selenium.remote.codec.w3c.W3CHttpResponseCodec.decode(W3CHttpResponseCodec.java:53)
	at org.openqa.selenium.remote.HttpCommandExecutor.execute(HttpCommandExecutor.java:184)
	at org.openqa.selenium.remote.TracedCommandExecutor.execute(TracedCommandExecutor.java:51)
	at org.openqa.selenium.remote.RemoteWebDriver.execute(RemoteWebDriver.java:535)
	at org.openqa.selenium.remote.RemoteWebElement.execute(RemoteWebElement.java:257)
	at org.openqa.selenium.remote.RemoteWebElement.click(RemoteWebElement.java:78)
	at java.base/jdk.internal.reflect.NativeMethodAccessorImpl.invoke0(Native Method)
	at java.base/jdk.internal.reflect.NativeMethodAccessorImpl.invoke(NativeMethodAccessorImpl.java:62)
	at java.base/jdk.internal.reflect.DelegatingMethodAccessorImpl.invoke(DelegatingMethodAccessorImpl.java:43)
	at java.base/java.lang.reflect.Method.invoke(Method.java:566)
	at org.openqa.selenium.support.decorators.WebDriverDecorator.call(WebDriverDecorator.java:247)
	at org.openqa.selenium.support.decorators.DefaultDecorated.call(DefaultDecorated.java:48)
	at org.openqa.selenium.support.decorators.WebDriverDecorator.lambda$createProxy$0(WebDriverDecorator.java:309)
	at net.bytebuddy.renamed.java.lang.Object$ByteBuddy$KFv3NtNH.click(Unknown Source)
	at glue.GilletteTests.iClickOnUnderInTheFooter(GilletteTests.java:106)
	at ✽.When I click on &quot;Styling&quot; under &quot;Learn&quot; in the footer(gillette.feature:16)
</error>
  </testcase>
  <testcase classname="Scenario: Verify the presence of &quot;Facial Hair Styles: The Anchor Beard&quot; under styling articles" name="Then I should see &quot;Facial Hair Styles: The Anchor Beard&quot; under the list of articles under styling" time="0.008">
    <skipped/>
  </testcase>
</testsuite>